SQL Server parse and compile time: 
   CPU time = 0 ms, elapsed time = 41 ms.

 SQL Server Execution Times:
   CPU time = 0 ms,  elapsed time = 0 ms.

 SQL Server Execution Times:
   CPU time = 0 ms,  elapsed time = 0 ms.

 SQL Server-körningstider: 
   Processortid = 0 ms, förfluten tid = 0 ms.
Analys- och kompileringstid: 
  processortid = 8 ms, förfluten tid = 8 ms.

 SQL Server-körningstider: 
   Processortid = 0 ms, förfluten tid = 0 ms.
Analys- och kompileringstid: 
  processortid = 0 ms, förfluten tid = 0 ms.

 SQL Server-körningstider: 
   Processortid = 0 ms, förfluten tid = 0 ms.

 SQL Server Execution Times:
   CPU time = 15 ms,  elapsed time = 51 ms.

(1 row(s) affected)

 SQL Server Execution Times:
   CPU time = 0 ms,  elapsed time = 0 ms.
