SQL Server parse and compile time: 
   CPU time = 0 ms, elapsed time = 0 ms.

 SQL Server Execution Times:
   CPU time = 0 ms,  elapsed time = 0 ms.

 SQL Server Execution Times:
   CPU time = 3688 ms,  elapsed time = 3960 ms.
SQL Server parse and compile time: 
   CPU time = 132 ms, elapsed time = 132 ms.

 SQL Server Execution Times:
   CPU time = 64875 ms,  elapsed time = 71074 ms.
SQL Server parse and compile time: 
   CPU time = 26 ms, elapsed time = 26 ms.

 SQL Server Execution Times:
   CPU time = 47859 ms,  elapsed time = 47864 ms.
SQL Server parse and compile time: 
   CPU time = 0 ms, elapsed time = 1 ms.

 SQL Server Execution Times:
   CPU time = 359 ms,  elapsed time = 358 ms.
SQL Server parse and compile time: 
   CPU time = 94 ms, elapsed time = 94 ms.

 SQL Server Execution Times:
   CPU time = 297 ms,  elapsed time = 406 ms.

 SQL Server Execution Times:
   CPU time = 117344 ms,  elapsed time = 123921 ms.

(1 row(s) affected)

 SQL Server Execution Times:
   CPU time = 0 ms,  elapsed time = 0 ms.
