SQL Server parse and compile time: 
   CPU time = 0 ms, elapsed time = 0 ms.

 SQL Server Execution Times:
   CPU time = 0 ms,  elapsed time = 0 ms.

 SQL Server Execution Times:
   CPU time = 8671 ms,  elapsed time = 10106 ms.
SQL Server parse and compile time: 
   CPU time = 188 ms, elapsed time = 340 ms.

 SQL Server Execution Times:
   CPU time = 62 ms,  elapsed time = 164 ms.
SQL Server parse and compile time: 
   CPU time = 0 ms, elapsed time = 2 ms.

 SQL Server Execution Times:
   CPU time = 79 ms,  elapsed time = 77 ms.

 SQL Server Execution Times:
   CPU time = 0 ms,  elapsed time = 0 ms.
SQL Server parse and compile time: 
   CPU time = 0 ms, elapsed time = 2 ms.

 SQL Server Execution Times:
   CPU time = 93 ms,  elapsed time = 97 ms.

 SQL Server Execution Times:
   CPU time = 9093 ms,  elapsed time = 10793 ms.

(1 row(s) affected)

 SQL Server Execution Times:
   CPU time = 0 ms,  elapsed time = 0 ms.
