SQL Server parse and compile time: 
   CPU time = 11 ms, elapsed time = 11 ms.

 SQL Server Execution Times:
   CPU time = 0 ms,  elapsed time = 0 ms.

 SQL Server Execution Times:
   CPU time = 0 ms,  elapsed time = 0 ms.

 SQL Server-körningstider: 
   Processortid = 0 ms, förfluten tid = 0 ms.
Analys- och kompileringstid: 
  processortid = 9 ms, förfluten tid = 9 ms.
Tabell Worktable. Avläsningar 0, logiska läsningar 0, fysiska läsningar 0, read-ahead-läsningar 0, logiska lob-läsningar 0, fysiska lob-läsningar 0, read-ahead-lob-läsningar 0.
Tabell EXT_REPORT_RESULT_1_6_1. Avläsningar 0, logiska läsningar 0, fysiska läsningar 0, read-ahead-läsningar 0, logiska lob-läsningar 0, fysiska lob-läsningar 0, read-ahead-lob-läsningar 0.
Tabell Workfile. Avläsningar 0, logiska läsningar 0, fysiska läsningar 0, read-ahead-läsningar 0, logiska lob-läsningar 0, fysiska lob-läsningar 0, read-ahead-lob-läsningar 0.
Tabell Worktable. Avläsningar 0, logiska läsningar 0, fysiska läsningar 0, read-ahead-läsningar 0, logiska lob-läsningar 0, fysiska lob-läsningar 0, read-ahead-lob-läsningar 0.
Tabell EXT_TIMETRACKER. Avläsningar 1, logiska läsningar 0, fysiska läsningar 0, read-ahead-läsningar 0, logiska lob-läsningar 0, fysiska lob-läsningar 0, read-ahead-lob-läsningar 0.

 SQL Server-körningstider: 
   Processortid = 0 ms, förfluten tid = 0 ms.
Analys- och kompileringstid: 
  processortid = 0 ms, förfluten tid = 0 ms.
Tabell EXT_REPORT_RESULT_1_6_1. Avläsningar 1, logiska läsningar 0, fysiska läsningar 0, read-ahead-läsningar 0, logiska lob-läsningar 0, fysiska lob-läsningar 0, read-ahead-lob-läsningar 0.

 SQL Server-körningstider: 
   Processortid = 0 ms, förfluten tid = 0 ms.

 SQL Server Execution Times:
   CPU time = 31 ms,  elapsed time = 22 ms.

(1 row(s) affected)

 SQL Server Execution Times:
   CPU time = 0 ms,  elapsed time = 0 ms.
SQL Server parse and compile time: 
   CPU time = 0 ms, elapsed time = 0 ms.

 SQL Server Execution Times:
   CPU time = 0 ms,  elapsed time = 0 ms.
