SQL Server parse and compile time: 
   CPU time = 16 ms, elapsed time = 21 ms.

 SQL Server Execution Times:
   CPU time = 0 ms,  elapsed time = 0 ms.
Table 'EXT_REPORT_HEADER'. Scan count 0, logical reads 12, physical reads 0, read-ahead reads 0, lob logical reads 0, lob physical reads 0, lob read-ahead reads 0.
Table 'EXT_REPORT_RESULT_1_1_5'. Scan count 0, logical reads 17, physical reads 0, read-ahead reads 0, lob logical reads 0, lob physical reads 0, lob read-ahead reads 0.
Table 'EXT_DIMENSION1'. Scan count 0, logical reads 655522, physical reads 0, read-ahead reads 0, lob logical reads 0, lob physical reads 0, lob read-ahead reads 0.
Table 'EXT_CUSTOMER'. Scan count 0, logical reads 983283, physical reads 0, read-ahead reads 0, lob logical reads 0, lob physical reads 0, lob read-ahead reads 0.
Table 'EXT_HISTORY_MASTER'. Scan count 79508, logical reads 1632621, physical reads 0, read-ahead reads 0, lob logical reads 0, lob physical reads 0, lob read-ahead reads 0.
Table 'EXT_ITEM'. Scan count 1, logical reads 119793, physical reads 0, read-ahead reads 0, lob logical reads 0, lob physical reads 0, lob read-ahead reads 0.

 SQL Server Execution Times:
   CPU time = 5844 ms,  elapsed time = 6227 ms.
Table 'EXT_REPORT_RESULT_1_1_5'. Scan count 1, logical reads 4, physical reads 0, read-ahead reads 0, lob logical reads 0, lob physical reads 0, lob read-ahead reads 0.

 SQL Server Execution Times:
   CPU time = 0 ms,  elapsed time = 0 ms.
Table 'EXT_REPORT_RESULT_1_1_5'. Scan count 1, logical reads 4, physical reads 0, read-ahead reads 0, lob logical reads 0, lob physical reads 0, lob read-ahead reads 0.

 SQL Server Execution Times:
   CPU time = 0 ms,  elapsed time = 0 ms.

 SQL Server Execution Times:
   CPU time = 0 ms,  elapsed time = 0 ms.
Table 'EXT_REPORT_RESULT_1_1_5'. Scan count 1, logical reads 4, physical reads 0, read-ahead reads 0, lob logical reads 0, lob physical reads 0, lob read-ahead reads 0.

 SQL Server Execution Times:
   CPU time = 0 ms,  elapsed time = 0 ms.

 SQL Server Execution Times:
   CPU time = 5860 ms,  elapsed time = 6249 ms.

(1 row(s) affected)

 SQL Server Execution Times:
   CPU time = 0 ms,  elapsed time = 0 ms.
SQL Server parse and compile time: 
   CPU time = 0 ms, elapsed time = 0 ms.

 SQL Server Execution Times:
   CPU time = 0 ms,  elapsed time = 0 ms.
