SQL Server parse and compile time: 
   CPU time = 0 ms, elapsed time = 0 ms.

 SQL Server Execution Times:
   CPU time = 0 ms,  elapsed time = 0 ms.
SQL Server parse and compile time: 
   CPU time = 0 ms, elapsed time = 0 ms.

 SQL Server Execution Times:
   CPU time = 0 ms,  elapsed time = 0 ms.
SQL Server parse and compile time: 
   CPU time = 0 ms, elapsed time = 0 ms.

 SQL Server Execution Times:
   CPU time = 0 ms,  elapsed time = 0 ms.

 SQL Server Execution Times:
   CPU time = 5437 ms,  elapsed time = 5890 ms.

 SQL Server Execution Times:
   CPU time = 0 ms,  elapsed time = 2 ms.

 SQL Server Execution Times:
   CPU time = 0 ms,  elapsed time = 2 ms.

 SQL Server Execution Times:
   CPU time = 0 ms,  elapsed time = 0 ms.

 SQL Server Execution Times:
   CPU time = 16 ms,  elapsed time = 2 ms.

 SQL Server Execution Times:
   CPU time = 5453 ms,  elapsed time = 5896 ms.

(1 row(s) affected)

 SQL Server Execution Times:
   CPU time = 0 ms,  elapsed time = 0 ms.
