SQL Server parse and compile time: 
   CPU time = 31 ms, elapsed time = 81 ms.

 SQL Server Execution Times:
   CPU time = 0 ms,  elapsed time = 0 ms.

 SQL Server Execution Times:
   CPU time = 3828 ms,  elapsed time = 4344 ms.

 SQL Server Execution Times:
   CPU time = 4063 ms,  elapsed time = 4670 ms.

 SQL Server Execution Times:
   CPU time = 0 ms,  elapsed time = 0 ms.

 SQL Server Execution Times:
   CPU time = 0 ms,  elapsed time = 0 ms.

 SQL Server Execution Times:
   CPU time = 0 ms,  elapsed time = 0 ms.

 SQL Server Execution Times:
   CPU time = 0 ms,  elapsed time = 0 ms.

 SQL Server Execution Times:
   CPU time = 7922 ms,  elapsed time = 9098 ms.

(1 row(s) affected)

 SQL Server Execution Times:
   CPU time = 0 ms,  elapsed time = 0 ms.
